# JRE version: OpenJDK Runtime Environment (21.0.7) (build 21.0.7+-13880790-b1038.58)
# Java VM: OpenJDK 64-Bit Server VM (21.0.7+-13880790-b1038.58, mixed mode, tiered, compressed oops, compressed class ptrs, g1 gc, windows-amd64)
GC Precious Log:
 CardTable entry size: 512
 Card Set container configuration: InlinePtr #cards 5 size 8 Array Of Cards #cards 12 size 40 Howl #buckets 4 coarsen threshold 1843 Howl Bitmap #cards 512 size 80 coarsen threshold 460 Card regions per heap region 1 cards per card region 2048
 CPUs: 8 total, 8 available
 Memory: 7812M
 Large Page Support: Disabled
 NUMA Support: Disabled
 Compressed Oops: Enabled (32-bit)
 Heap Region Size: 1M
 Heap Min Capacity: 8M
 Heap Initial Capacity: 124M
 Heap Max Capacity: 1954M
 Pre-touch: Disabled
 Parallel Workers: 8
 Concurrent Workers: 2
 Concurrent Refinement Workers: 8
 Periodic GC: Disabled
Heap:
 garbage-first heap   total 33792K, used 19279K [0x0000000085e00000, 0x0000000100000000)
  region size 1024K, 8 young (8192K), 2 survivors (2048K)
 Metaspace       used 29493K, committed 29696K, reserved 1114112K
  class space    used 3217K, committed 3328K, reserved 1048576K
GC Heap History (8 events):
Event: 4.352 GC heap before
{Heap before GC invocations=0 (full 0):
 garbage-first heap   total 126976K, used 26624K [0x0000000085e00000, 0x0000000100000000)
  region size 1024K, 23 young (23552K), 0 survivors (0K)
 Metaspace       used 14547K, committed 14656K, reserved 1114112K
  class space    used 1358K, committed 1408K, reserved 1048576K
}
Event: 4.387 GC heap after
{Heap after GC invocations=1 (full 0):
 garbage-first heap   total 126976K, used 5990K [0x0000000085e00000, 0x0000000100000000)
  region size 1024K, 3 young (3072K), 3 survivors (3072K)
 Metaspace       used 14547K, committed 14656K, reserved 1114112K
  class space    used 1358K, committed 1408K, reserved 1048576K
}
Event: 6.141 GC heap before
{Heap before GC invocations=1 (full 0):
 garbage-first heap   total 126976K, used 27494K [0x0000000085e00000, 0x0000000100000000)
  region size 1024K, 25 young (25600K), 3 survivors (3072K)
 Metaspace       used 21389K, committed 21504K, reserved 1114112K
  class space    used 2247K, committed 2304K, reserved 1048576K
}
Event: 6.152 GC heap after
{Heap after GC invocations=2 (full 0):
 garbage-first heap   total 126976K, used 7590K [0x0000000085e00000, 0x0000000100000000)
  region size 1024K, 2 young (2048K), 2 survivors (2048K)
 Metaspace       used 21389K, committed 21504K, reserved 1114112K
  class space    used 2247K, committed 2304K, reserved 1048576K
}
Event: 7.320 GC heap before
{Heap before GC invocations=3 (full 0):
 garbage-first heap   total 27648K, used 27046K [0x0000000085e00000, 0x0000000100000000)
  region size 1024K, 21 young (21504K), 2 survivors (2048K)
 Metaspace       used 24759K, committed 25024K, reserved 1114112K
  class space    used 2672K, committed 2816K, reserved 1048576K
}
Event: 7.336 GC heap after
{Heap after GC invocations=4 (full 0):
 garbage-first heap   total 33792K, used 11973K [0x0000000085e00000, 0x0000000100000000)
  region size 1024K, 6 young (6144K), 6 survivors (6144K)
 Metaspace       used 24759K, committed 25024K, reserved 1114112K
  class space    used 2672K, committed 2816K, reserved 1048576K
}
Event: 8.430 GC heap before
{Heap before GC invocations=4 (full 0):
 garbage-first heap   total 33792K, used 24261K [0x0000000085e00000, 0x0000000100000000)
  region size 1024K, 18 young (18432K), 6 survivors (6144K)
 Metaspace       used 27641K, committed 27904K, reserved 1114112K
  class space    used 3018K, committed 3136K, reserved 1048576K
}
Event: 8.448 GC heap after
{Heap after GC invocations=5 (full 0):
 garbage-first heap   total 33792K, used 14159K [0x0000000085e00000, 0x0000000100000000)
  region size 1024K, 2 young (2048K), 2 survivors (2048K)
 Metaspace       used 27641K, committed 27904K, reserved 1114112K
  class space    used 3018K, committed 3136K, reserved 1048576K
}

